-------------------------------------------------------------------------------
Test set: com.example.videostreaming.VideoAuthenticationIntegrationTests
-------------------------------------------------------------------------------
Tests run: 1, Failures: 1, Errors: 0, Skipped: 0, Time elapsed: 6.678 s <<< FAILURE! -- in com.example.videostreaming.VideoAuthenticationIntegrationTests
com.example.videostreaming.VideoAuthenticationIntegrationTests.testFullAuthFlowAndEndpointProtection -- Time elapsed: 1.214 s <<< FAILURE!
java.lang.AssertionError: Status expected:<403> but was:<500>
	at org.springframework.test.util.AssertionErrors.fail(AssertionErrors.java:61)
	at org.springframework.test.util.AssertionErrors.assertEquals(AssertionErrors.java:128)
	at org.springframework.test.web.servlet.result.StatusResultMatchers.lambda$matcher$9(StatusResultMatchers.java:640)
	at org.springframework.test.web.servlet.MockMvc$1.andExpect(MockMvc.java:214)
	at com.example.videostreaming.VideoAuthenticationIntegrationTests.testFullAuthFlowAndEndpointProtection(VideoAuthenticationIntegrationTests.java:82)
	at java.base/java.lang.reflect.Method.invoke(Method.java:580)
	at java.base/java.util.ArrayList.forEach(ArrayList.java:1596)
	at java.base/java.util.ArrayList.forEach(ArrayList.java:1596)

